# JRE version: OpenJDK Runtime Environment (11.0.10) (build 11.0.10+0-b96-7249189)
# Java VM: OpenJDK 64-Bit Server VM (11.0.10+0-b96-7249189, mixed mode, tiered, compressed oops, g1 gc, windows-amd64)
Heap:
 garbage-first heap   total 129024K, used 51451K [0x0000000080000000, 0x0000000100000000)
  region size 1024K, 5 young (5120K), 3 survivors (3072K)
 Metaspace       used 59464K, capacity 61016K, committed 61312K, reserved 1101824K
  class space    used 7503K, capacity 8087K, committed 8192K, reserved 1048576K
GC Heap History (20 events):
Event: 15.369 GC heap before
{Heap before GC invocations=3 (full 0):
 garbage-first heap   total 129024K, used 54113K [0x0000000080000000, 0x0000000100000000)
  region size 1024K, 46 young (47104K), 3 survivors (3072K)
 Metaspace       used 17479K, capacity 17960K, committed 18048K, reserved 1064960K
  class space    used 2033K, capacity 2174K, committed 2176K, reserved 1048576K
}
Event: 15.384 GC heap after
{Heap after GC invocations=4 (full 0):
 garbage-first heap   total 129024K, used 16144K [0x0000000080000000, 0x0000000100000000)
  region size 1024K, 6 young (6144K), 6 survivors (6144K)
 Metaspace       used 17479K, capacity 17960K, committed 18048K, reserved 1064960K
  class space    used 2033K, capacity 2174K, committed 2176K, reserved 1048576K
}
Event: 16.327 GC heap before
{Heap before GC invocations=4 (full 0):
 garbage-first heap   total 129024K, used 43792K [0x0000000080000000, 0x0000000100000000)
  region size 1024K, 34 young (34816K), 6 survivors (6144K)
 Metaspace       used 20547K, capacity 21088K, committed 21248K, reserved 1067008K
  class space    used 2504K, capacity 2690K, committed 2816K, reserved 1048576K
}
Event: 16.337 GC heap after
{Heap after GC invocations=5 (full 0):
 garbage-first heap   total 129024K, used 17104K [0x0000000080000000, 0x0000000100000000)
  region size 1024K, 6 young (6144K), 6 survivors (6144K)
 Metaspace       used 20547K, capacity 21088K, committed 21248K, reserved 1067008K
  class space    used 2504K, capacity 2690K, committed 2816K, reserved 1048576K
}
Event: 18.770 GC heap before
{Heap before GC invocations=6 (full 0):
 garbage-first heap   total 129024K, used 68304K [0x0000000080000000, 0x0000000100000000)
  region size 1024K, 56 young (57344K), 6 survivors (6144K)
 Metaspace       used 25870K, capacity 26548K, committed 26752K, reserved 1073152K
  class space    used 3371K, capacity 3600K, committed 3712K, reserved 1048576K
}
Event: 18.783 GC heap after
{Heap after GC invocations=7 (full 0):
 garbage-first heap   total 129024K, used 19372K [0x0000000080000000, 0x0000000100000000)
  region size 1024K, 3 young (3072K), 3 survivors (3072K)
 Metaspace       used 25870K, capacity 26548K, committed 26752K, reserved 1073152K
  class space    used 3371K, capacity 3600K, committed 3712K, reserved 1048576K
}
Event: 22.255 GC heap before
{Heap before GC invocations=7 (full 0):
 garbage-first heap   total 129024K, used 76716K [0x0000000080000000, 0x0000000100000000)
  region size 1024K, 59 young (60416K), 3 survivors (3072K)
 Metaspace       used 34588K, capacity 35375K, committed 35584K, reserved 1079296K
  class space    used 4480K, capacity 4800K, committed 4864K, reserved 1048576K
}
Event: 22.272 GC heap after
{Heap after GC invocations=8 (full 0):
 garbage-first heap   total 129024K, used 22710K [0x0000000080000000, 0x0000000100000000)
  region size 1024K, 7 young (7168K), 7 survivors (7168K)
 Metaspace       used 34588K, capacity 35375K, committed 35584K, reserved 1079296K
  class space    used 4480K, capacity 4800K, committed 4864K, reserved 1048576K
}
Event: 22.338 GC heap before
{Heap before GC invocations=8 (full 0):
 garbage-first heap   total 129024K, used 23734K [0x0000000080000000, 0x0000000100000000)
  region size 1024K, 10 young (10240K), 7 survivors (7168K)
 Metaspace       used 34997K, capacity 35791K, committed 35840K, reserved 1081344K
  class space    used 4532K, capacity 4832K, committed 4864K, reserved 1048576K
}
Event: 22.352 GC heap after
{Heap after GC invocations=9 (full 0):
 garbage-first heap   total 129024K, used 23382K [0x0000000080000000, 0x0000000100000000)
  region size 1024K, 5 young (5120K), 5 survivors (5120K)
 Metaspace       used 34997K, capacity 35791K, committed 35840K, reserved 1081344K
  class space    used 4532K, capacity 4832K, committed 4864K, reserved 1048576K
}
Event: 26.440 GC heap before
{Heap before GC invocations=10 (full 0):
 garbage-first heap   total 129024K, used 88918K [0x0000000080000000, 0x0000000100000000)
  region size 1024K, 66 young (67584K), 5 survivors (5120K)
 Metaspace       used 40664K, capacity 41529K, committed 41728K, reserved 1085440K
  class space    used 5242K, capacity 5582K, committed 5632K, reserved 1048576K
}
Event: 26.456 GC heap after
{Heap after GC invocations=11 (full 0):
 garbage-first heap   total 129024K, used 27049K [0x0000000080000000, 0x0000000100000000)
  region size 1024K, 8 young (8192K), 8 survivors (8192K)
 Metaspace       used 40664K, capacity 41529K, committed 41728K, reserved 1085440K
  class space    used 5242K, capacity 5582K, committed 5632K, reserved 1048576K
}
Event: 30.062 GC heap before
{Heap before GC invocations=11 (full 0):
 garbage-first heap   total 129024K, used 93609K [0x0000000080000000, 0x0000000100000000)
  region size 1024K, 73 young (74752K), 8 survivors (8192K)
 Metaspace       used 45781K, capacity 46887K, committed 46976K, reserved 1089536K
  class space    used 5866K, capacity 6261K, committed 6272K, reserved 1048576K
}
Event: 30.083 GC heap after
{Heap after GC invocations=12 (full 0):
 garbage-first heap   total 129024K, used 29570K [0x0000000080000000, 0x0000000100000000)
  region size 1024K, 7 young (7168K), 7 survivors (7168K)
 Metaspace       used 45781K, capacity 46887K, committed 46976K, reserved 1089536K
  class space    used 5866K, capacity 6261K, committed 6272K, reserved 1048576K
}
Event: 34.749 GC heap before
{Heap before GC invocations=12 (full 0):
 garbage-first heap   total 129024K, used 104322K [0x0000000080000000, 0x0000000100000000)
  region size 1024K, 73 young (74752K), 7 survivors (7168K)
 Metaspace       used 49459K, capacity 50837K, committed 51200K, reserved 1093632K
  class space    used 6298K, capacity 6790K, committed 6912K, reserved 1048576K
}
Event: 34.774 GC heap after
{Heap after GC invocations=13 (full 0):
 garbage-first heap   total 129024K, used 47104K [0x0000000080000000, 0x0000000100000000)
  region size 1024K, 10 young (10240K), 10 survivors (10240K)
 Metaspace       used 49459K, capacity 50837K, committed 51200K, reserved 1093632K
  class space    used 6298K, capacity 6790K, committed 6912K, reserved 1048576K
}
Event: 38.374 GC heap before
{Heap before GC invocations=13 (full 0):
 garbage-first heap   total 129024K, used 98304K [0x0000000080000000, 0x0000000100000000)
  region size 1024K, 60 young (61440K), 10 survivors (10240K)
 Metaspace       used 57236K, capacity 58733K, committed 58752K, reserved 1099776K
  class space    used 7236K, capacity 7795K, committed 7808K, reserved 1048576K
}
Event: 38.394 GC heap after
{Heap after GC invocations=14 (full 0):
 garbage-first heap   total 129024K, used 49781K [0x0000000080000000, 0x0000000100000000)
  region size 1024K, 3 young (3072K), 3 survivors (3072K)
 Metaspace       used 57236K, capacity 58733K, committed 58752K, reserved 1099776K
  class space    used 7236K, capacity 7795K, committed 7808K, reserved 1048576K
}
Event: 39.744 GC heap before
{Heap before GC invocations=14 (full 0):
 garbage-first heap   total 129024K, used 57973K [0x0000000080000000, 0x0000000100000000)
  region size 1024K, 12 young (12288K), 3 survivors (3072K)
 Metaspace       used 58507K, capacity 60007K, committed 60160K, reserved 1101824K
  class space    used 7393K, capacity 7964K, committed 8064K, reserved 1048576K
}
Event: 39.755 GC heap after
{Heap after GC invocations=15 (full 0):
 garbage-first heap   total 129024K, used 50427K [0x0000000080000000, 0x0000000100000000)
  region size 1024K, 3 young (3072K), 3 survivors (3072K)
 Metaspace       used 58507K, capacity 60007K, committed 60160K, reserved 1101824K
  class space    used 7393K, capacity 7964K, committed 8064K, reserved 1048576K
}

