# JRE version: OpenJDK Runtime Environment (11.0.10) (build 11.0.10+0-b96-7249189)
# Java VM: OpenJDK 64-Bit Server VM (11.0.10+0-b96-7249189, mixed mode, tiered, compressed oops, g1 gc, windows-amd64)
Heap:
 garbage-first heap   total 129024K, used 55687K [0x0000000080000000, 0x0000000100000000)
  region size 1024K, 9 young (9216K), 2 survivors (2048K)
 Metaspace       used 57536K, capacity 59082K, committed 59340K, reserved 1101824K
  class space    used 7279K, capacity 7844K, committed 7884K, reserved 1048576K
GC Heap History (20 events):
Event: 10.023 GC heap before
{Heap before GC invocations=3 (full 0):
 garbage-first heap   total 129024K, used 52862K [0x0000000080000000, 0x0000000100000000)
  region size 1024K, 44 young (45056K), 4 survivors (4096K)
 Metaspace       used 17552K, capacity 17976K, committed 18048K, reserved 1064960K
  class space    used 2047K, capacity 2174K, committed 2176K, reserved 1048576K
}
Event: 10.044 GC heap after
{Heap after GC invocations=4 (full 0):
 garbage-first heap   total 129024K, used 16010K [0x0000000080000000, 0x0000000100000000)
  region size 1024K, 6 young (6144K), 6 survivors (6144K)
 Metaspace       used 17552K, capacity 17976K, committed 18048K, reserved 1064960K
  class space    used 2047K, capacity 2174K, committed 2176K, reserved 1048576K
}
Event: 10.727 GC heap before
{Heap before GC invocations=4 (full 0):
 garbage-first heap   total 129024K, used 41610K [0x0000000080000000, 0x0000000100000000)
  region size 1024K, 32 young (32768K), 6 survivors (6144K)
 Metaspace       used 20559K, capacity 21104K, committed 21248K, reserved 1067008K
  class space    used 2504K, capacity 2690K, committed 2816K, reserved 1048576K
}
Event: 10.740 GC heap after
{Heap after GC invocations=5 (full 0):
 garbage-first heap   total 129024K, used 16838K [0x0000000080000000, 0x0000000100000000)
  region size 1024K, 1 young (1024K), 1 survivors (1024K)
 Metaspace       used 20559K, capacity 21104K, committed 21248K, reserved 1067008K
  class space    used 2504K, capacity 2690K, committed 2816K, reserved 1048576K
}
Event: 12.978 GC heap before
{Heap before GC invocations=6 (full 0):
 garbage-first heap   total 129024K, used 63942K [0x0000000080000000, 0x0000000100000000)
  region size 1024K, 48 young (49152K), 1 survivors (1024K)
 Metaspace       used 25593K, capacity 26212K, committed 26368K, reserved 1073152K
  class space    used 3339K, capacity 3568K, committed 3584K, reserved 1048576K
}
Event: 12.984 GC heap after
{Heap after GC invocations=7 (full 0):
 garbage-first heap   total 129024K, used 18487K [0x0000000080000000, 0x0000000100000000)
  region size 1024K, 3 young (3072K), 3 survivors (3072K)
 Metaspace       used 25593K, capacity 26212K, committed 26368K, reserved 1073152K
  class space    used 3339K, capacity 3568K, committed 3584K, reserved 1048576K
}
Event: 14.127 GC heap before
{Heap before GC invocations=7 (full 0):
 garbage-first heap   total 129024K, used 72759K [0x0000000080000000, 0x0000000100000000)
  region size 1024K, 56 young (57344K), 3 survivors (3072K)
 Metaspace       used 32314K, capacity 33085K, committed 33152K, reserved 1077248K
  class space    used 4215K, capacity 4476K, committed 4480K, reserved 1048576K
}
Event: 14.136 GC heap after
{Heap after GC invocations=8 (full 0):
 garbage-first heap   total 129024K, used 20934K [0x0000000080000000, 0x0000000100000000)
  region size 1024K, 5 young (5120K), 5 survivors (5120K)
 Metaspace       used 32314K, capacity 33085K, committed 33152K, reserved 1077248K
  class space    used 4215K, capacity 4476K, committed 4480K, reserved 1048576K
}
Event: 14.313 GC heap before
{Heap before GC invocations=8 (full 0):
 garbage-first heap   total 129024K, used 28102K [0x0000000080000000, 0x0000000100000000)
  region size 1024K, 13 young (13312K), 5 survivors (5120K)
 Metaspace       used 35018K, capacity 35806K, committed 35840K, reserved 1081344K
  class space    used 4533K, capacity 4832K, committed 4864K, reserved 1048576K
}
Event: 14.324 GC heap after
{Heap after GC invocations=9 (full 0):
 garbage-first heap   total 129024K, used 23267K [0x0000000080000000, 0x0000000100000000)
  region size 1024K, 5 young (5120K), 5 survivors (5120K)
 Metaspace       used 35018K, capacity 35806K, committed 35840K, reserved 1081344K
  class space    used 4533K, capacity 4832K, committed 4864K, reserved 1048576K
}
Event: 15.066 GC heap before
{Heap before GC invocations=10 (full 0):
 garbage-first heap   total 129024K, used 70371K [0x0000000080000000, 0x0000000100000000)
  region size 1024K, 49 young (50176K), 5 survivors (5120K)
 Metaspace       used 38848K, capacity 39785K, committed 39884K, reserved 1083392K
  class space    used 4956K, capacity 5300K, committed 5324K, reserved 1048576K
}
Event: 15.077 GC heap after
{Heap after GC invocations=11 (full 0):
 garbage-first heap   total 129024K, used 25649K [0x0000000080000000, 0x0000000100000000)
  region size 1024K, 5 young (5120K), 5 survivors (5120K)
 Metaspace       used 38848K, capacity 39785K, committed 39884K, reserved 1083392K
  class space    used 4956K, capacity 5300K, committed 5324K, reserved 1048576K
}
Event: 17.394 GC heap before
{Heap before GC invocations=11 (full 0):
 garbage-first heap   total 129024K, used 73777K [0x0000000080000000, 0x0000000100000000)
  region size 1024K, 52 young (53248K), 5 survivors (5120K)
 Metaspace       used 43035K, capacity 44039K, committed 44236K, reserved 1087488K
  class space    used 5469K, capacity 5816K, committed 5836K, reserved 1048576K
}
Event: 17.405 GC heap after
{Heap after GC invocations=12 (full 0):
 garbage-first heap   total 129024K, used 27779K [0x0000000080000000, 0x0000000100000000)
  region size 1024K, 6 young (6144K), 6 survivors (6144K)
 Metaspace       used 43035K, capacity 44039K, committed 44236K, reserved 1087488K
  class space    used 5469K, capacity 5816K, committed 5836K, reserved 1048576K
}
Event: 20.334 GC heap before
{Heap before GC invocations=12 (full 0):
 garbage-first heap   total 129024K, used 78979K [0x0000000080000000, 0x0000000100000000)
  region size 1024K, 56 young (57344K), 6 survivors (6144K)
 Metaspace       used 46638K, capacity 47814K, committed 47948K, reserved 1091584K
  class space    used 5945K, capacity 6391K, committed 6476K, reserved 1048576K
}
Event: 20.347 GC heap after
{Heap after GC invocations=13 (full 0):
 garbage-first heap   total 129024K, used 30150K [0x0000000080000000, 0x0000000100000000)
  region size 1024K, 5 young (5120K), 5 survivors (5120K)
 Metaspace       used 46638K, capacity 47814K, committed 47948K, reserved 1091584K
  class space    used 5945K, capacity 6391K, committed 6476K, reserved 1048576K
}
Event: 22.415 GC heap before
{Heap before GC invocations=13 (full 0):
 garbage-first heap   total 129024K, used 90566K [0x0000000080000000, 0x0000000100000000)
  region size 1024K, 57 young (58368K), 5 survivors (5120K)
 Metaspace       used 49693K, capacity 51092K, committed 51404K, reserved 1093632K
  class space    used 6302K, capacity 6785K, committed 6860K, reserved 1048576K
}
Event: 22.433 GC heap after
{Heap after GC invocations=14 (full 0):
 garbage-first heap   total 129024K, used 47103K [0x0000000080000000, 0x0000000100000000)
  region size 1024K, 8 young (8192K), 8 survivors (8192K)
 Metaspace       used 49693K, capacity 51092K, committed 51404K, reserved 1093632K
  class space    used 6302K, capacity 6785K, committed 6860K, reserved 1048576K
}
Event: 23.994 GC heap before
{Heap before GC invocations=14 (full 0):
 garbage-first heap   total 129024K, used 91135K [0x0000000080000000, 0x0000000100000000)
  region size 1024K, 51 young (52224K), 8 survivors (8192K)
 Metaspace       used 56190K, capacity 57613K, committed 57804K, reserved 1099776K
  class space    used 7091K, capacity 7608K, committed 7628K, reserved 1048576K
}
Event: 24.009 GC heap after
{Heap after GC invocations=15 (full 0):
 garbage-first heap   total 129024K, used 49543K [0x0000000080000000, 0x0000000100000000)
  region size 1024K, 2 young (2048K), 2 survivors (2048K)
 Metaspace       used 56190K, capacity 57613K, committed 57804K, reserved 1099776K
  class space    used 7091K, capacity 7608K, committed 7628K, reserved 1048576K
}

