# JRE version: OpenJDK Runtime Environment (11.0.10) (build 11.0.10+0-b96-7249189)
# Java VM: OpenJDK 64-Bit Server VM (11.0.10+0-b96-7249189, mixed mode, tiered, compressed oops, g1 gc, windows-amd64)
Heap:
 garbage-first heap   total 129024K, used 48980K [0x0000000080000000, 0x0000000100000000)
  region size 1024K, 32 young (32768K), 4 survivors (4096K)
 Metaspace       used 36757K, capacity 37640K, committed 37756K, reserved 1081344K
  class space    used 4743K, capacity 5077K, committed 5120K, reserved 1048576K
GC Heap History (16 events):
Event: 2.027 GC heap before
{Heap before GC invocations=0 (full 0):
 garbage-first heap   total 129024K, used 19456K [0x0000000080000000, 0x0000000100000000)
  region size 1024K, 14 young (14336K), 0 survivors (0K)
 Metaspace       used 6778K, capacity 7001K, committed 7168K, reserved 1056768K
  class space    used 585K, capacity 650K, committed 768K, reserved 1048576K
}
Event: 2.034 GC heap after
{Heap after GC invocations=1 (full 0):
 garbage-first heap   total 129024K, used 7776K [0x0000000080000000, 0x0000000100000000)
  region size 1024K, 2 young (2048K), 2 survivors (2048K)
 Metaspace       used 6778K, capacity 7001K, committed 7168K, reserved 1056768K
  class space    used 585K, capacity 650K, committed 768K, reserved 1048576K
}
Event: 2.574 GC heap before
{Heap before GC invocations=1 (full 0):
 garbage-first heap   total 129024K, used 19040K [0x0000000080000000, 0x0000000100000000)
  region size 1024K, 13 young (13312K), 2 survivors (2048K)
 Metaspace       used 10226K, capacity 10501K, committed 10624K, reserved 1058816K
  class space    used 1065K, capacity 1139K, committed 1152K, reserved 1048576K
}
Event: 2.578 GC heap after
{Heap after GC invocations=2 (full 0):
 garbage-first heap   total 129024K, used 9492K [0x0000000080000000, 0x0000000100000000)
  region size 1024K, 2 young (2048K), 2 survivors (2048K)
 Metaspace       used 10226K, capacity 10501K, committed 10624K, reserved 1058816K
  class space    used 1065K, capacity 1139K, committed 1152K, reserved 1048576K
}
Event: 3.614 GC heap before
{Heap before GC invocations=2 (full 0):
 garbage-first heap   total 129024K, used 38164K [0x0000000080000000, 0x0000000100000000)
  region size 1024K, 30 young (30720K), 2 survivors (2048K)
 Metaspace       used 11170K, capacity 11454K, committed 11520K, reserved 1058816K
  class space    used 1167K, capacity 1243K, committed 1280K, reserved 1048576K
}
Event: 3.619 GC heap after
{Heap after GC invocations=3 (full 0):
 garbage-first heap   total 129024K, used 12878K [0x0000000080000000, 0x0000000100000000)
  region size 1024K, 4 young (4096K), 4 survivors (4096K)
 Metaspace       used 11170K, capacity 11454K, committed 11520K, reserved 1058816K
  class space    used 1167K, capacity 1243K, committed 1280K, reserved 1048576K
}
Event: 10.183 GC heap before
{Heap before GC invocations=3 (full 0):
 garbage-first heap   total 129024K, used 53838K [0x0000000080000000, 0x0000000100000000)
  region size 1024K, 45 young (46080K), 4 survivors (4096K)
 Metaspace       used 17726K, capacity 18168K, committed 18432K, reserved 1064960K
  class space    used 2083K, capacity 2238K, committed 2304K, reserved 1048576K
}
Event: 10.206 GC heap after
{Heap after GC invocations=4 (full 0):
 garbage-first heap   total 129024K, used 16111K [0x0000000080000000, 0x0000000100000000)
  region size 1024K, 6 young (6144K), 6 survivors (6144K)
 Metaspace       used 17726K, capacity 18168K, committed 18432K, reserved 1064960K
  class space    used 2083K, capacity 2238K, committed 2304K, reserved 1048576K
}
Event: 11.101 GC heap before
{Heap before GC invocations=4 (full 0):
 garbage-first heap   total 129024K, used 39663K [0x0000000080000000, 0x0000000100000000)
  region size 1024K, 30 young (30720K), 6 survivors (6144K)
 Metaspace       used 20548K, capacity 21136K, committed 21296K, reserved 1069056K
  class space    used 2501K, capacity 2658K, committed 2688K, reserved 1048576K
}
Event: 11.114 GC heap after
{Heap after GC invocations=5 (full 0):
 garbage-first heap   total 129024K, used 16746K [0x0000000080000000, 0x0000000100000000)
  region size 1024K, 5 young (5120K), 5 survivors (5120K)
 Metaspace       used 20548K, capacity 21136K, committed 21296K, reserved 1069056K
  class space    used 2501K, capacity 2658K, committed 2688K, reserved 1048576K
}
Event: 13.486 GC heap before
{Heap before GC invocations=6 (full 0):
 garbage-first heap   total 129024K, used 67946K [0x0000000080000000, 0x0000000100000000)
  region size 1024K, 55 young (56320K), 5 survivors (5120K)
 Metaspace       used 25799K, capacity 26500K, committed 26672K, reserved 1073152K
  class space    used 3368K, capacity 3600K, committed 3712K, reserved 1048576K
}
Event: 13.499 GC heap after
{Heap after GC invocations=7 (full 0):
 garbage-first heap   total 129024K, used 18821K [0x0000000080000000, 0x0000000100000000)
  region size 1024K, 3 young (3072K), 3 survivors (3072K)
 Metaspace       used 25799K, capacity 26500K, committed 26672K, reserved 1073152K
  class space    used 3368K, capacity 3600K, committed 3712K, reserved 1048576K
}
Event: 17.100 GC heap before
{Heap before GC invocations=7 (full 0):
 garbage-first heap   total 129024K, used 76165K [0x0000000080000000, 0x0000000100000000)
  region size 1024K, 59 young (60416K), 3 survivors (3072K)
 Metaspace       used 34487K, capacity 35327K, committed 35504K, reserved 1079296K
  class space    used 4470K, capacity 4800K, committed 4864K, reserved 1048576K
}
Event: 17.110 GC heap after
{Heap after GC invocations=8 (full 0):
 garbage-first heap   total 129024K, used 22201K [0x0000000080000000, 0x0000000100000000)
  region size 1024K, 6 young (6144K), 6 survivors (6144K)
 Metaspace       used 34487K, capacity 35327K, committed 35504K, reserved 1079296K
  class space    used 4470K, capacity 4800K, committed 4864K, reserved 1048576K
}
Event: 17.221 GC heap before
{Heap before GC invocations=8 (full 0):
 garbage-first heap   total 129024K, used 23225K [0x0000000080000000, 0x0000000100000000)
  region size 1024K, 8 young (8192K), 6 survivors (6144K)
 Metaspace       used 34830K, capacity 35615K, committed 35708K, reserved 1081344K
  class space    used 4530K, capacity 4832K, committed 4864K, reserved 1048576K
}
Event: 17.234 GC heap after
{Heap after GC invocations=9 (full 0):
 garbage-first heap   total 129024K, used 22356K [0x0000000080000000, 0x0000000100000000)
  region size 1024K, 4 young (4096K), 4 survivors (4096K)
 Metaspace       used 34830K, capacity 35615K, committed 35708K, reserved 1081344K
  class space    used 4530K, capacity 4832K, committed 4864K, reserved 1048576K
}

