# JRE version: OpenJDK Runtime Environment (11.0.10) (build 11.0.10+0-b96-7249189)
# Java VM: OpenJDK 64-Bit Server VM (11.0.10+0-b96-7249189, mixed mode, tiered, compressed oops, g1 gc, windows-amd64)
Heap:
 garbage-first heap   total 187392K, used 137757K [0x0000000080000000, 0x0000000100000000)
  region size 1024K, 52 young (53248K), 7 survivors (7168K)
 Metaspace       used 116099K, capacity 118979K, committed 119116K, reserved 1153024K
  class space    used 14757K, capacity 15872K, committed 15948K, reserved 1048576K
GC Heap History (20 events):
Event: 41.156 GC heap before
{Heap before GC invocations=38 (full 0):
 garbage-first heap   total 187392K, used 107436K [0x0000000080000000, 0x0000000100000000)
  region size 1024K, 6 young (6144K), 2 survivors (2048K)
 Metaspace       used 93674K, capacity 95808K, committed 96076K, reserved 1132544K
  class space    used 12021K, capacity 12844K, committed 12876K, reserved 1048576K
}
Event: 41.163 GC heap after
{Heap after GC invocations=39 (full 0):
 garbage-first heap   total 187392K, used 107104K [0x0000000080000000, 0x0000000100000000)
  region size 1024K, 5 young (5120K), 5 survivors (5120K)
 Metaspace       used 93674K, capacity 95808K, committed 96076K, reserved 1132544K
  class space    used 12021K, capacity 12844K, committed 12876K, reserved 1048576K
}
Event: 42.442 GC heap before
{Heap before GC invocations=40 (full 0):
 garbage-first heap   total 187392K, used 153184K [0x0000000080000000, 0x0000000100000000)
  region size 1024K, 36 young (36864K), 5 survivors (5120K)
 Metaspace       used 95913K, capacity 98130K, committed 98380K, reserved 1134592K
  class space    used 12188K, capacity 12997K, committed 13132K, reserved 1048576K
}
Event: 42.449 GC heap after
{Heap after GC invocations=41 (full 0):
 garbage-first heap   total 187392K, used 107090K [0x0000000080000000, 0x0000000100000000)
  region size 1024K, 4 young (4096K), 4 survivors (4096K)
 Metaspace       used 95913K, capacity 98130K, committed 98380K, reserved 1134592K
  class space    used 12188K, capacity 12997K, committed 13132K, reserved 1048576K
}
Event: 43.077 GC heap before
{Heap before GC invocations=41 (full 0):
 garbage-first heap   total 187392K, used 140882K [0x0000000080000000, 0x0000000100000000)
  region size 1024K, 38 young (38912K), 4 survivors (4096K)
 Metaspace       used 98372K, capacity 100571K, committed 100812K, reserved 1136640K
  class space    used 12383K, capacity 13189K, committed 13260K, reserved 1048576K
}
Event: 43.101 GC heap after
{Heap after GC invocations=42 (full 0):
 garbage-first heap   total 187392K, used 113059K [0x0000000080000000, 0x0000000100000000)
  region size 1024K, 5 young (5120K), 5 survivors (5120K)
 Metaspace       used 98372K, capacity 100571K, committed 100812K, reserved 1136640K
  class space    used 12383K, capacity 13189K, committed 13260K, reserved 1048576K
}
Event: 43.896 GC heap before
{Heap before GC invocations=43 (full 0):
 garbage-first heap   total 187392K, used 134563K [0x0000000080000000, 0x0000000100000000)
  region size 1024K, 36 young (36864K), 5 survivors (5120K)
 Metaspace       used 98441K, capacity 100699K, committed 100812K, reserved 1136640K
  class space    used 12383K, capacity 13189K, committed 13260K, reserved 1048576K
}
Event: 43.903 GC heap after
{Heap after GC invocations=44 (full 0):
 garbage-first heap   total 187392K, used 102040K [0x0000000080000000, 0x0000000100000000)
  region size 1024K, 1 young (1024K), 1 survivors (1024K)
 Metaspace       used 98441K, capacity 100699K, committed 100812K, reserved 1136640K
  class space    used 12383K, capacity 13189K, committed 13260K, reserved 1048576K
}
Event: 44.037 GC heap before
{Heap before GC invocations=44 (full 0):
 garbage-first heap   total 187392K, used 110232K [0x0000000080000000, 0x0000000100000000)
  region size 1024K, 9 young (9216K), 1 survivors (1024K)
 Metaspace       used 98504K, capacity 100699K, committed 100812K, reserved 1136640K
  class space    used 12383K, capacity 13189K, committed 13260K, reserved 1048576K
}
Event: 44.042 GC heap after
{Heap after GC invocations=45 (full 0):
 garbage-first heap   total 187392K, used 91596K [0x0000000080000000, 0x0000000100000000)
  region size 1024K, 1 young (1024K), 1 survivors (1024K)
 Metaspace       used 98504K, capacity 100699K, committed 100812K, reserved 1136640K
  class space    used 12383K, capacity 13189K, committed 13260K, reserved 1048576K
}
Event: 45.998 GC heap before
{Heap before GC invocations=45 (full 0):
 garbage-first heap   total 187392K, used 136652K [0x0000000080000000, 0x0000000100000000)
  region size 1024K, 45 young (46080K), 1 survivors (1024K)
 Metaspace       used 100958K, capacity 103246K, committed 103372K, reserved 1138688K
  class space    used 12641K, capacity 13477K, committed 13516K, reserved 1048576K
}
Event: 46.003 GC heap after
{Heap after GC invocations=46 (full 0):
 garbage-first heap   total 187392K, used 92684K [0x0000000080000000, 0x0000000100000000)
  region size 1024K, 2 young (2048K), 2 survivors (2048K)
 Metaspace       used 100958K, capacity 103246K, committed 103372K, reserved 1138688K
  class space    used 12641K, capacity 13477K, committed 13516K, reserved 1048576K
}
Event: 46.901 GC heap before
{Heap before GC invocations=47 (full 0):
 garbage-first heap   total 187392K, used 139788K [0x0000000080000000, 0x0000000100000000)
  region size 1024K, 49 young (50176K), 2 survivors (2048K)
 Metaspace       used 103789K, capacity 106039K, committed 106316K, reserved 1142784K
  class space    used 12994K, capacity 13828K, committed 13900K, reserved 1048576K
}
Event: 46.913 GC heap after
{Heap after GC invocations=48 (full 0):
 garbage-first heap   total 187392K, used 94719K [0x0000000080000000, 0x0000000100000000)
  region size 1024K, 4 young (4096K), 4 survivors (4096K)
 Metaspace       used 103789K, capacity 106039K, committed 106316K, reserved 1142784K
  class space    used 12994K, capacity 13828K, committed 13900K, reserved 1048576K
}
Event: 47.151 GC heap before
{Heap before GC invocations=48 (full 0):
 garbage-first heap   total 187392K, used 99839K [0x0000000080000000, 0x0000000100000000)
  region size 1024K, 9 young (9216K), 4 survivors (4096K)
 Metaspace       used 103917K, capacity 106180K, committed 106316K, reserved 1142784K
  class space    used 13000K, capacity 13830K, committed 13900K, reserved 1048576K
}
Event: 47.162 GC heap after
{Heap after GC invocations=49 (full 0):
 garbage-first heap   total 187392K, used 88318K [0x0000000080000000, 0x0000000100000000)
  region size 1024K, 1 young (1024K), 1 survivors (1024K)
 Metaspace       used 103917K, capacity 106180K, committed 106316K, reserved 1142784K
  class space    used 13000K, capacity 13830K, committed 13900K, reserved 1048576K
}
Event: 49.146 GC heap before
{Heap before GC invocations=49 (full 0):
 garbage-first heap   total 187392K, used 139518K [0x0000000080000000, 0x0000000100000000)
  region size 1024K, 52 young (53248K), 1 survivors (1024K)
 Metaspace       used 104617K, capacity 106936K, committed 107084K, reserved 1142784K
  class space    used 13047K, capacity 13882K, committed 13900K, reserved 1048576K
}
Event: 49.155 GC heap after
{Heap after GC invocations=50 (full 0):
 garbage-first heap   total 187392K, used 90918K [0x0000000080000000, 0x0000000100000000)
  region size 1024K, 4 young (4096K), 4 survivors (4096K)
 Metaspace       used 104617K, capacity 106936K, committed 107084K, reserved 1142784K
  class space    used 13047K, capacity 13882K, committed 13900K, reserved 1048576K
}
Event: 51.719 GC heap before
{Heap before GC invocations=51 (full 0):
 garbage-first heap   total 187392K, used 143142K [0x0000000080000000, 0x0000000100000000)
  region size 1024K, 56 young (57344K), 4 survivors (4096K)
 Metaspace       used 109100K, capacity 111554K, committed 111820K, reserved 1146880K
  class space    used 13640K, capacity 14528K, committed 14540K, reserved 1048576K
}
Event: 51.732 GC heap after
{Heap after GC invocations=52 (full 0):
 garbage-first heap   total 187392K, used 93725K [0x0000000080000000, 0x0000000100000000)
  region size 1024K, 7 young (7168K), 7 survivors (7168K)
 Metaspace       used 109100K, capacity 111554K, committed 111820K, reserved 1146880K
  class space    used 13640K, capacity 14528K, committed 14540K, reserved 1048576K
}

